ERROR - 2023-11-05 00:51:54 --> Table 'dbpena.petugas' doesn't exist
CRITICAL - 2023-11-05 00:51:54 --> Call to a member function getResult() on bool
#0 C:\xampp\htdocs\pena\system\Model.php(728): CodeIgniter\Database\BaseBuilder->countAll()
#1 C:\xampp\htdocs\pena\app\Models\Teacher_model.php(14): CodeIgniter\Model->__call('countAll', Array)
#2 C:\xampp\htdocs\pena\app\Controllers\Home.php(96): App\Models\Teacher_model->getTeacherCount()
#3 C:\xampp\htdocs\pena\system\CodeIgniter.php(832): App\Controllers\Home->dashboard()
#4 C:\xampp\htdocs\pena\system\CodeIgniter.php(419): CodeIgniter\CodeIgniter->runController(Object(App\Controllers\Home))
#5 C:\xampp\htdocs\pena\system\CodeIgniter.php(326): CodeIgniter\CodeIgniter->handleRequest(NULL, Object(Config\Cache), false)
#6 C:\xampp\htdocs\pena\public\index.php(37): CodeIgniter\CodeIgniter->run()
#7 C:\xampp\htdocs\pena\system\Commands\Server\rewrite.php(43): require_once('C:\\xampp\\htdocs...')
#8 {main}
ERROR - 2023-11-05 00:52:15 --> Table 'dbpena.petugas' doesn't exist
CRITICAL - 2023-11-05 00:52:15 --> Call to a member function getResult() on bool
#0 C:\xampp\htdocs\pena\system\Model.php(728): CodeIgniter\Database\BaseBuilder->countAll()
#1 C:\xampp\htdocs\pena\app\Models\Teacher_model.php(14): CodeIgniter\Model->__call('countAll', Array)
#2 C:\xampp\htdocs\pena\app\Controllers\Home.php(96): App\Models\Teacher_model->getTeacherCount()
#3 C:\xampp\htdocs\pena\system\CodeIgniter.php(832): App\Controllers\Home->dashboard()
#4 C:\xampp\htdocs\pena\system\CodeIgniter.php(419): CodeIgniter\CodeIgniter->runController(Object(App\Controllers\Home))
#5 C:\xampp\htdocs\pena\system\CodeIgniter.php(326): CodeIgniter\CodeIgniter->handleRequest(NULL, Object(Config\Cache), false)
#6 C:\xampp\htdocs\pena\public\index.php(37): CodeIgniter\CodeIgniter->run()
#7 C:\xampp\htdocs\pena\system\Commands\Server\rewrite.php(43): require_once('C:\\xampp\\htdocs...')
#8 {main}
ERROR - 2023-11-05 00:52:18 --> Table 'dbpena.petugas' doesn't exist
CRITICAL - 2023-11-05 00:52:18 --> Call to a member function getResult() on bool
#0 C:\xampp\htdocs\pena\system\Model.php(728): CodeIgniter\Database\BaseBuilder->countAll()
#1 C:\xampp\htdocs\pena\app\Models\Teacher_model.php(14): CodeIgniter\Model->__call('countAll', Array)
#2 C:\xampp\htdocs\pena\app\Controllers\Home.php(96): App\Models\Teacher_model->getTeacherCount()
#3 C:\xampp\htdocs\pena\system\CodeIgniter.php(832): App\Controllers\Home->dashboard()
#4 C:\xampp\htdocs\pena\system\CodeIgniter.php(419): CodeIgniter\CodeIgniter->runController(Object(App\Controllers\Home))
#5 C:\xampp\htdocs\pena\system\CodeIgniter.php(326): CodeIgniter\CodeIgniter->handleRequest(NULL, Object(Config\Cache), false)
#6 C:\xampp\htdocs\pena\public\index.php(37): CodeIgniter\CodeIgniter->run()
#7 C:\xampp\htdocs\pena\system\Commands\Server\rewrite.php(43): require_once('C:\\xampp\\htdocs...')
#8 {main}
ERROR - 2023-11-05 00:58:00 --> Table 'dbpena.petugas' doesn't exist
CRITICAL - 2023-11-05 00:58:00 --> Call to a member function getResult() on bool
#0 C:\xampp\htdocs\pena\app\Controllers\Home.php(125): App\Models\M_model->join2('petugas', 'user', 'petugas.user=us...')
#1 C:\xampp\htdocs\pena\system\CodeIgniter.php(832): App\Controllers\Home->petugas()
#2 C:\xampp\htdocs\pena\system\CodeIgniter.php(419): CodeIgniter\CodeIgniter->runController(Object(App\Controllers\Home))
#3 C:\xampp\htdocs\pena\system\CodeIgniter.php(326): CodeIgniter\CodeIgniter->handleRequest(NULL, Object(Config\Cache), false)
#4 C:\xampp\htdocs\pena\public\index.php(37): CodeIgniter\CodeIgniter->run()
#5 C:\xampp\htdocs\pena\system\Commands\Server\rewrite.php(43): require_once('C:\\xampp\\htdocs...')
#6 {main}
ERROR - 2023-11-05 01:20:40 --> Table 'dbpena.log' doesn't exist
ERROR - 2023-11-05 01:16:20 --> Table 'dbpena.log' doesn't exist
