ERROR - 2023-11-21 01:54:32 --> Unknown column 'brg_masuk.id_barang' in 'on clause'
CRITICAL - 2023-11-21 01:54:32 --> Call to a member function getResult() on bool
#0 C:\xampp\htdocs\pena\app\Controllers\Home.php(403): App\Models\M_model->join2('brg_masuk', 'barang', 'brg_masuk.id_ba...')
#1 C:\xampp\htdocs\pena\system\CodeIgniter.php(832): App\Controllers\Home->barang_masuk()
#2 C:\xampp\htdocs\pena\system\CodeIgniter.php(419): CodeIgniter\CodeIgniter->runController(Object(App\Controllers\Home))
#3 C:\xampp\htdocs\pena\system\CodeIgniter.php(326): CodeIgniter\CodeIgniter->handleRequest(NULL, Object(Config\Cache), false)
#4 C:\xampp\htdocs\pena\public\index.php(37): CodeIgniter\CodeIgniter->run()
#5 C:\xampp\htdocs\pena\system\Commands\Server\rewrite.php(43): require_once('C:\\xampp\\htdocs...')
#6 {main}
ERROR - 2023-11-21 04:45:49 --> Unknown column 'kode_brg.id_barang' in 'on clause'
CRITICAL - 2023-11-21 04:45:49 --> Call to a member function getResult() on bool
#0 C:\xampp\htdocs\pena\app\Controllers\Home.php(404): App\Models\M_model->join2('brg_masuk', 'barang', 'brg_masuk.kode_...')
#1 C:\xampp\htdocs\pena\system\CodeIgniter.php(832): App\Controllers\Home->barang_masuk()
#2 C:\xampp\htdocs\pena\system\CodeIgniter.php(419): CodeIgniter\CodeIgniter->runController(Object(App\Controllers\Home))
#3 C:\xampp\htdocs\pena\system\CodeIgniter.php(326): CodeIgniter\CodeIgniter->handleRequest(NULL, Object(Config\Cache), false)
#4 C:\xampp\htdocs\pena\public\index.php(37): CodeIgniter\CodeIgniter->run()
#5 C:\xampp\htdocs\pena\system\Commands\Server\rewrite.php(43): require_once('C:\\xampp\\htdocs...')
#6 {main}
CRITICAL - 2023-11-21 06:06:43 --> Invalid argument supplied for foreach()
#0 C:\xampp\htdocs\pena\app\Views\tambah_brg_masuk.php(53): CodeIgniter\Debug\Exceptions->errorHandler(2, 'Invalid argumen...', 'C:\\xampp\\htdocs...', 53, Array)
#1 C:\xampp\htdocs\pena\system\View\View.php(210): include('C:\\xampp\\htdocs...')
#2 C:\xampp\htdocs\pena\system\View\View.php(213): CodeIgniter\View\View->CodeIgniter\View\{closure}()
#3 C:\xampp\htdocs\pena\system\Common.php(1089): CodeIgniter\View\View->render('tambah_brg_masu...', Array, true)
#4 C:\xampp\htdocs\pena\app\Controllers\Home.php(423): view('tambah_brg_masu...', Array)
#5 C:\xampp\htdocs\pena\system\CodeIgniter.php(832): App\Controllers\Home->tambah_brg_masuk()
#6 C:\xampp\htdocs\pena\system\CodeIgniter.php(419): CodeIgniter\CodeIgniter->runController(Object(App\Controllers\Home))
#7 C:\xampp\htdocs\pena\system\CodeIgniter.php(326): CodeIgniter\CodeIgniter->handleRequest(NULL, Object(Config\Cache), false)
#8 C:\xampp\htdocs\pena\public\index.php(37): CodeIgniter\CodeIgniter->run()
#9 C:\xampp\htdocs\pena\system\Commands\Server\rewrite.php(43): require_once('C:\\xampp\\htdocs...')
#10 {main}
ERROR - 2023-11-21 06:09:05 --> Table 'dbpena.log' doesn't exist
CRITICAL - 2023-11-21 06:09:18 --> Too few arguments to function App\Controllers\Home::hapus_barang(), 0 passed in C:\xampp\htdocs\pena\system\CodeIgniter.php on line 832 and exactly 1 expected
#0 C:\xampp\htdocs\pena\system\CodeIgniter.php(832): App\Controllers\Home->hapus_barang()
#1 C:\xampp\htdocs\pena\system\CodeIgniter.php(419): CodeIgniter\CodeIgniter->runController(Object(App\Controllers\Home))
#2 C:\xampp\htdocs\pena\system\CodeIgniter.php(326): CodeIgniter\CodeIgniter->handleRequest(NULL, Object(Config\Cache), false)
#3 C:\xampp\htdocs\pena\public\index.php(37): CodeIgniter\CodeIgniter->run()
#4 C:\xampp\htdocs\pena\system\Commands\Server\rewrite.php(43): require_once('C:\\xampp\\htdocs...')
#5 {main}
ERROR - 2023-11-21 06:23:43 --> Unknown column 'tangal' in 'field list'
ERROR - 2023-11-21 06:28:29 --> Unknown column 'tangal' in 'field list'
ERROR - 2023-11-21 07:29:14 --> Not unique table/alias: 'barang'
CRITICAL - 2023-11-21 07:29:14 --> Call to a member function getResult() on bool
#0 C:\xampp\htdocs\pena\app\Controllers\Home.php(618): App\Models\M_model->filter2('2023-10-29', '2023-12-09')
#1 C:\xampp\htdocs\pena\system\CodeIgniter.php(832): App\Controllers\Home->cari_b()
#2 C:\xampp\htdocs\pena\system\CodeIgniter.php(419): CodeIgniter\CodeIgniter->runController(Object(App\Controllers\Home))
#3 C:\xampp\htdocs\pena\system\CodeIgniter.php(326): CodeIgniter\CodeIgniter->handleRequest(NULL, Object(Config\Cache), false)
#4 C:\xampp\htdocs\pena\public\index.php(37): CodeIgniter\CodeIgniter->run()
#5 C:\xampp\htdocs\pena\system\Commands\Server\rewrite.php(43): require_once('C:\\xampp\\htdocs...')
#6 {main}
ERROR - 2023-11-21 07:31:33 --> Not unique table/alias: 'barang'
CRITICAL - 2023-11-21 07:31:33 --> Call to a member function getResult() on bool
#0 C:\xampp\htdocs\pena\app\Controllers\Home.php(618): App\Models\M_model->filter2('2023-10-29', '2023-12-09')
#1 C:\xampp\htdocs\pena\system\CodeIgniter.php(832): App\Controllers\Home->cari_b()
#2 C:\xampp\htdocs\pena\system\CodeIgniter.php(419): CodeIgniter\CodeIgniter->runController(Object(App\Controllers\Home))
#3 C:\xampp\htdocs\pena\system\CodeIgniter.php(326): CodeIgniter\CodeIgniter->handleRequest(NULL, Object(Config\Cache), false)
#4 C:\xampp\htdocs\pena\public\index.php(37): CodeIgniter\CodeIgniter->run()
#5 C:\xampp\htdocs\pena\system\Commands\Server\rewrite.php(43): require_once('C:\\xampp\\htdocs...')
#6 {main}
ERROR - 2023-11-21 07:31:45 --> Not unique table/alias: 'barang'
CRITICAL - 2023-11-21 07:31:45 --> Call to a member function getResult() on bool
#0 C:\xampp\htdocs\pena\app\Controllers\Home.php(618): App\Models\M_model->filter2('2023-11-06', '2023-12-01')
#1 C:\xampp\htdocs\pena\system\CodeIgniter.php(832): App\Controllers\Home->cari_b()
#2 C:\xampp\htdocs\pena\system\CodeIgniter.php(419): CodeIgniter\CodeIgniter->runController(Object(App\Controllers\Home))
#3 C:\xampp\htdocs\pena\system\CodeIgniter.php(326): CodeIgniter\CodeIgniter->handleRequest(NULL, Object(Config\Cache), false)
#4 C:\xampp\htdocs\pena\public\index.php(37): CodeIgniter\CodeIgniter->run()
#5 C:\xampp\htdocs\pena\system\Commands\Server\rewrite.php(43): require_once('C:\\xampp\\htdocs...')
#6 {main}
CRITICAL - 2023-11-21 08:13:06 --> Call to a member function isValid() on null
#0 C:\xampp\htdocs\pena\system\CodeIgniter.php(832): App\Controllers\Home->aksi_tambah_barang()
#1 C:\xampp\htdocs\pena\system\CodeIgniter.php(419): CodeIgniter\CodeIgniter->runController(Object(App\Controllers\Home))
#2 C:\xampp\htdocs\pena\system\CodeIgniter.php(326): CodeIgniter\CodeIgniter->handleRequest(NULL, Object(Config\Cache), false)
#3 C:\xampp\htdocs\pena\public\index.php(37): CodeIgniter\CodeIgniter->run()
#4 C:\xampp\htdocs\pena\system\Commands\Server\rewrite.php(43): require_once('C:\\xampp\\htdocs...')
#5 {main}
CRITICAL - 2023-11-21 08:14:06 --> Call to a member function isValid() on null
#0 C:\xampp\htdocs\pena\system\CodeIgniter.php(832): App\Controllers\Home->aksi_tambah_barang()
#1 C:\xampp\htdocs\pena\system\CodeIgniter.php(419): CodeIgniter\CodeIgniter->runController(Object(App\Controllers\Home))
#2 C:\xampp\htdocs\pena\system\CodeIgniter.php(326): CodeIgniter\CodeIgniter->handleRequest(NULL, Object(Config\Cache), false)
#3 C:\xampp\htdocs\pena\public\index.php(37): CodeIgniter\CodeIgniter->run()
#4 C:\xampp\htdocs\pena\system\Commands\Server\rewrite.php(43): require_once('C:\\xampp\\htdocs...')
#5 {main}
CRITICAL - 2023-11-21 08:14:07 --> Call to a member function isValid() on null
#0 C:\xampp\htdocs\pena\system\CodeIgniter.php(832): App\Controllers\Home->aksi_tambah_barang()
#1 C:\xampp\htdocs\pena\system\CodeIgniter.php(419): CodeIgniter\CodeIgniter->runController(Object(App\Controllers\Home))
#2 C:\xampp\htdocs\pena\system\CodeIgniter.php(326): CodeIgniter\CodeIgniter->handleRequest(NULL, Object(Config\Cache), false)
#3 C:\xampp\htdocs\pena\public\index.php(37): CodeIgniter\CodeIgniter->run()
#4 C:\xampp\htdocs\pena\system\Commands\Server\rewrite.php(43): require_once('C:\\xampp\\htdocs...')
#5 {main}
CRITICAL - 2023-11-21 08:14:10 --> Call to a member function isValid() on null
#0 C:\xampp\htdocs\pena\system\CodeIgniter.php(832): App\Controllers\Home->aksi_tambah_barang()
#1 C:\xampp\htdocs\pena\system\CodeIgniter.php(419): CodeIgniter\CodeIgniter->runController(Object(App\Controllers\Home))
#2 C:\xampp\htdocs\pena\system\CodeIgniter.php(326): CodeIgniter\CodeIgniter->handleRequest(NULL, Object(Config\Cache), false)
#3 C:\xampp\htdocs\pena\public\index.php(37): CodeIgniter\CodeIgniter->run()
#4 C:\xampp\htdocs\pena\system\Commands\Server\rewrite.php(43): require_once('C:\\xampp\\htdocs...')
#5 {main}
CRITICAL - 2023-11-21 08:14:11 --> Call to a member function isValid() on null
#0 C:\xampp\htdocs\pena\system\CodeIgniter.php(832): App\Controllers\Home->aksi_tambah_barang()
#1 C:\xampp\htdocs\pena\system\CodeIgniter.php(419): CodeIgniter\CodeIgniter->runController(Object(App\Controllers\Home))
#2 C:\xampp\htdocs\pena\system\CodeIgniter.php(326): CodeIgniter\CodeIgniter->handleRequest(NULL, Object(Config\Cache), false)
#3 C:\xampp\htdocs\pena\public\index.php(37): CodeIgniter\CodeIgniter->run()
#4 C:\xampp\htdocs\pena\system\Commands\Server\rewrite.php(43): require_once('C:\\xampp\\htdocs...')
#5 {main}
CRITICAL - 2023-11-21 08:14:12 --> Call to a member function isValid() on null
#0 C:\xampp\htdocs\pena\system\CodeIgniter.php(832): App\Controllers\Home->aksi_tambah_barang()
#1 C:\xampp\htdocs\pena\system\CodeIgniter.php(419): CodeIgniter\CodeIgniter->runController(Object(App\Controllers\Home))
#2 C:\xampp\htdocs\pena\system\CodeIgniter.php(326): CodeIgniter\CodeIgniter->handleRequest(NULL, Object(Config\Cache), false)
#3 C:\xampp\htdocs\pena\public\index.php(37): CodeIgniter\CodeIgniter->run()
#4 C:\xampp\htdocs\pena\system\Commands\Server\rewrite.php(43): require_once('C:\\xampp\\htdocs...')
#5 {main}
ERROR - 2023-11-21 08:14:25 --> Table 'dbpena.log' doesn't exist
ERROR - 2023-11-21 08:15:12 --> Table 'dbpena.log' doesn't exist
ERROR - 2023-11-21 08:15:13 --> Table 'dbpena.log' doesn't exist
CRITICAL - 2023-11-21 08:31:05 --> Namespace declaration statement has to be the very first statement or after any declare call in the script
#0 [internal function]: CodeIgniter\Debug\Exceptions->shutdownHandler()
#1 {main}
CRITICAL - 2023-11-21 08:32:38 --> Namespace declaration statement has to be the very first statement or after any declare call in the script
#0 [internal function]: CodeIgniter\Debug\Exceptions->shutdownHandler()
#1 {main}
CRITICAL - 2023-11-21 08:36:18 --> Namespace declaration statement has to be the very first statement or after any declare call in the script
#0 [internal function]: CodeIgniter\Debug\Exceptions->shutdownHandler()
#1 {main}
CRITICAL - 2023-11-21 08:36:19 --> Namespace declaration statement has to be the very first statement or after any declare call in the script
#0 [internal function]: CodeIgniter\Debug\Exceptions->shutdownHandler()
#1 {main}
ERROR - 2023-11-21 18:19:20 --> Error connecting to the database: MySQL server has gone away
CRITICAL - 2023-11-21 18:19:20 --> Unable to connect to the database.
Main connection [MySQLi]: MySQL server has gone away
#0 C:\xampp\htdocs\pena\system\Database\BaseConnection.php(577): CodeIgniter\Database\BaseConnection->initialize()
#1 C:\xampp\htdocs\pena\system\Database\BaseBuilder.php(1588): CodeIgniter\Database\BaseConnection->query('SELECT *\nFROM `...', Array, false)
#2 C:\xampp\htdocs\pena\app\Models\M_model.php(41): CodeIgniter\Database\BaseBuilder->getWhere(Array)
#3 C:\xampp\htdocs\pena\app\Controllers\Home.php(50): App\Models\M_model->getWhere2('user', Array)
#4 C:\xampp\htdocs\pena\system\CodeIgniter.php(832): App\Controllers\Home->aksi_login()
#5 C:\xampp\htdocs\pena\system\CodeIgniter.php(419): CodeIgniter\CodeIgniter->runController(Object(App\Controllers\Home))
#6 C:\xampp\htdocs\pena\system\CodeIgniter.php(326): CodeIgniter\CodeIgniter->handleRequest(NULL, Object(Config\Cache), false)
#7 C:\xampp\htdocs\pena\public\index.php(37): CodeIgniter\CodeIgniter->run()
#8 C:\xampp\htdocs\pena\system\Commands\Server\rewrite.php(43): require_once('C:\\xampp\\htdocs...')
#9 {main}
